[29-Nov-2017 23:33:56 UTC] PHP Deprecated:  Methods with the same name as their class will not be constructors in a future version of PHP; App has a deprecated constructor in /home/amrth19652010/controller/App.php on line 6
[29-Nov-2017 23:33:56 UTC] PHP Deprecated:  Methods with the same name as their class will not be constructors in a future version of PHP; Database has a deprecated constructor in /home/amrth19652010/controller/Database.php on line 2
[29-Nov-2017 23:33:56 UTC] PHP Deprecated:  Methods with the same name as their class will not be constructors in a future version of PHP; DataS has a deprecated constructor in /home/amrth19652010/controller/DataS.php on line 2
[29-Nov-2017 23:33:56 UTC] PHP Deprecated:  Methods with the same name as their class will not be constructors in a future version of PHP; DataE has a deprecated constructor in /home/amrth19652010/controller/DataE.php on line 2
[29-Nov-2017 23:40:15 UTC] PHP Deprecated:  Methods with the same name as their class will not be constructors in a future version of PHP; App has a deprecated constructor in /home/amrth19652010/controller/App.php on line 6
[29-Nov-2017 23:40:15 UTC] PHP Deprecated:  Methods with the same name as their class will not be constructors in a future version of PHP; Database has a deprecated constructor in /home/amrth19652010/controller/Database.php on line 2
[29-Nov-2017 23:40:15 UTC] PHP Deprecated:  Methods with the same name as their class will not be constructors in a future version of PHP; DataS has a deprecated constructor in /home/amrth19652010/controller/DataS.php on line 2
[29-Nov-2017 23:40:15 UTC] PHP Deprecated:  Methods with the same name as their class will not be constructors in a future version of PHP; DataE has a deprecated constructor in /home/amrth19652010/controller/DataE.php on line 2
[29-Nov-2017 23:41:45 UTC] PHP Deprecated:  Methods with the same name as their class will not be constructors in a future version of PHP; App has a deprecated constructor in /home/amrth19652010/controller/App.php on line 6
[29-Nov-2017 23:41:45 UTC] PHP Deprecated:  Methods with the same name as their class will not be constructors in a future version of PHP; Database has a deprecated constructor in /home/amrth19652010/controller/Database.php on line 2
[29-Nov-2017 23:41:45 UTC] PHP Deprecated:  Methods with the same name as their class will not be constructors in a future version of PHP; DataS has a deprecated constructor in /home/amrth19652010/controller/DataS.php on line 2
[29-Nov-2017 23:41:45 UTC] PHP Deprecated:  Methods with the same name as their class will not be constructors in a future version of PHP; DataE has a deprecated constructor in /home/amrth19652010/controller/DataE.php on line 2
[29-Nov-2017 23:41:45 UTC] PHP Deprecated:  Methods with the same name as their class will not be constructors in a future version of PHP; App has a deprecated constructor in /home/amrth19652010/controller/App.php on line 6
[29-Nov-2017 23:41:45 UTC] PHP Deprecated:  Methods with the same name as their class will not be constructors in a future version of PHP; Database has a deprecated constructor in /home/amrth19652010/controller/Database.php on line 2
[29-Nov-2017 23:41:45 UTC] PHP Deprecated:  Methods with the same name as their class will not be constructors in a future version of PHP; DataS has a deprecated constructor in /home/amrth19652010/controller/DataS.php on line 2
[29-Nov-2017 23:41:45 UTC] PHP Deprecated:  Methods with the same name as their class will not be constructors in a future version of PHP; DataE has a deprecated constructor in /home/amrth19652010/controller/DataE.php on line 2
[29-Nov-2017 23:41:56 UTC] PHP Deprecated:  Methods with the same name as their class will not be constructors in a future version of PHP; App has a deprecated constructor in /home/amrth19652010/controller/App.php on line 6
[29-Nov-2017 23:41:56 UTC] PHP Deprecated:  Methods with the same name as their class will not be constructors in a future version of PHP; Database has a deprecated constructor in /home/amrth19652010/controller/Database.php on line 2
[29-Nov-2017 23:41:56 UTC] PHP Deprecated:  Methods with the same name as their class will not be constructors in a future version of PHP; DataS has a deprecated constructor in /home/amrth19652010/controller/DataS.php on line 2
[29-Nov-2017 23:41:56 UTC] PHP Deprecated:  Methods with the same name as their class will not be constructors in a future version of PHP; DataE has a deprecated constructor in /home/amrth19652010/controller/DataE.php on line 2
[29-Nov-2017 23:42:43 UTC] PHP Deprecated:  Methods with the same name as their class will not be constructors in a future version of PHP; App has a deprecated constructor in /home/amrth19652010/controller/App.php on line 6
[29-Nov-2017 23:42:43 UTC] PHP Deprecated:  Methods with the same name as their class will not be constructors in a future version of PHP; Database has a deprecated constructor in /home/amrth19652010/controller/Database.php on line 2
[29-Nov-2017 23:42:43 UTC] PHP Deprecated:  Methods with the same name as their class will not be constructors in a future version of PHP; DataS has a deprecated constructor in /home/amrth19652010/controller/DataS.php on line 2
[29-Nov-2017 23:42:43 UTC] PHP Deprecated:  Methods with the same name as their class will not be constructors in a future version of PHP; DataE has a deprecated constructor in /home/amrth19652010/controller/DataE.php on line 2
[29-Nov-2017 23:42:43 UTC] PHP Deprecated:  Methods with the same name as their class will not be constructors in a future version of PHP; App has a deprecated constructor in /home/amrth19652010/controller/App.php on line 6
[29-Nov-2017 23:42:43 UTC] PHP Deprecated:  Methods with the same name as their class will not be constructors in a future version of PHP; Database has a deprecated constructor in /home/amrth19652010/controller/Database.php on line 2
[29-Nov-2017 23:42:43 UTC] PHP Deprecated:  Methods with the same name as their class will not be constructors in a future version of PHP; DataS has a deprecated constructor in /home/amrth19652010/controller/DataS.php on line 2
[29-Nov-2017 23:42:43 UTC] PHP Deprecated:  Methods with the same name as their class will not be constructors in a future version of PHP; DataE has a deprecated constructor in /home/amrth19652010/controller/DataE.php on line 2
[29-Nov-2017 23:44:44 UTC] PHP Deprecated:  Methods with the same name as their class will not be constructors in a future version of PHP; App has a deprecated constructor in /home/amrth19652010/controller/App.php on line 6
[29-Nov-2017 23:44:44 UTC] PHP Deprecated:  Methods with the same name as their class will not be constructors in a future version of PHP; Database has a deprecated constructor in /home/amrth19652010/controller/Database.php on line 2
[29-Nov-2017 23:44:44 UTC] PHP Deprecated:  Methods with the same name as their class will not be constructors in a future version of PHP; DataS has a deprecated constructor in /home/amrth19652010/controller/DataS.php on line 2
[29-Nov-2017 23:44:44 UTC] PHP Deprecated:  Methods with the same name as their class will not be constructors in a future version of PHP; DataE has a deprecated constructor in /home/amrth19652010/controller/DataE.php on line 2
[29-Nov-2017 23:48:56 UTC] PHP Deprecated:  Methods with the same name as their class will not be constructors in a future version of PHP; App has a deprecated constructor in /home/amrth19652010/controller/App.php on line 6
[29-Nov-2017 23:48:56 UTC] PHP Deprecated:  Methods with the same name as their class will not be constructors in a future version of PHP; Database has a deprecated constructor in /home/amrth19652010/controller/Database.php on line 2
[29-Nov-2017 23:48:56 UTC] PHP Deprecated:  Methods with the same name as their class will not be constructors in a future version of PHP; DataS has a deprecated constructor in /home/amrth19652010/controller/DataS.php on line 2
[29-Nov-2017 23:48:56 UTC] PHP Deprecated:  Methods with the same name as their class will not be constructors in a future version of PHP; DataE has a deprecated constructor in /home/amrth19652010/controller/DataE.php on line 2
[29-Nov-2017 23:48:56 UTC] PHP Deprecated:  Methods with the same name as their class will not be constructors in a future version of PHP; App has a deprecated constructor in /home/amrth19652010/controller/App.php on line 6
[29-Nov-2017 23:48:56 UTC] PHP Deprecated:  Methods with the same name as their class will not be constructors in a future version of PHP; Database has a deprecated constructor in /home/amrth19652010/controller/Database.php on line 2
[29-Nov-2017 23:48:56 UTC] PHP Deprecated:  Methods with the same name as their class will not be constructors in a future version of PHP; DataS has a deprecated constructor in /home/amrth19652010/controller/DataS.php on line 2
[29-Nov-2017 23:48:56 UTC] PHP Deprecated:  Methods with the same name as their class will not be constructors in a future version of PHP; DataE has a deprecated constructor in /home/amrth19652010/controller/DataE.php on line 2
[29-Nov-2017 23:49:12 UTC] PHP Deprecated:  Methods with the same name as their class will not be constructors in a future version of PHP; App has a deprecated constructor in /home/amrth19652010/controller/App.php on line 6
[29-Nov-2017 23:49:12 UTC] PHP Deprecated:  Methods with the same name as their class will not be constructors in a future version of PHP; Database has a deprecated constructor in /home/amrth19652010/controller/Database.php on line 2
[29-Nov-2017 23:49:12 UTC] PHP Deprecated:  Methods with the same name as their class will not be constructors in a future version of PHP; DataS has a deprecated constructor in /home/amrth19652010/controller/DataS.php on line 2
[29-Nov-2017 23:49:12 UTC] PHP Deprecated:  Methods with the same name as their class will not be constructors in a future version of PHP; DataE has a deprecated constructor in /home/amrth19652010/controller/DataE.php on line 2
[29-Nov-2017 23:49:23 UTC] PHP Deprecated:  Methods with the same name as their class will not be constructors in a future version of PHP; App has a deprecated constructor in /home/amrth19652010/controller/App.php on line 6
[29-Nov-2017 23:49:23 UTC] PHP Deprecated:  Methods with the same name as their class will not be constructors in a future version of PHP; Database has a deprecated constructor in /home/amrth19652010/controller/Database.php on line 2
[29-Nov-2017 23:49:23 UTC] PHP Deprecated:  Methods with the same name as their class will not be constructors in a future version of PHP; DataS has a deprecated constructor in /home/amrth19652010/controller/DataS.php on line 2
[29-Nov-2017 23:49:23 UTC] PHP Deprecated:  Methods with the same name as their class will not be constructors in a future version of PHP; DataE has a deprecated constructor in /home/amrth19652010/controller/DataE.php on line 2
[29-Nov-2017 23:49:36 UTC] PHP Deprecated:  Methods with the same name as their class will not be constructors in a future version of PHP; App has a deprecated constructor in /home/amrth19652010/controller/App.php on line 6
[29-Nov-2017 23:49:36 UTC] PHP Deprecated:  Methods with the same name as their class will not be constructors in a future version of PHP; Database has a deprecated constructor in /home/amrth19652010/controller/Database.php on line 2
[29-Nov-2017 23:49:36 UTC] PHP Deprecated:  Methods with the same name as their class will not be constructors in a future version of PHP; DataS has a deprecated constructor in /home/amrth19652010/controller/DataS.php on line 2
[29-Nov-2017 23:49:36 UTC] PHP Deprecated:  Methods with the same name as their class will not be constructors in a future version of PHP; DataE has a deprecated constructor in /home/amrth19652010/controller/DataE.php on line 2
[30-Nov-2017 07:24:23 UTC] PHP Notice:  Undefined variable: general in /home/kolt/Work/Amarth/modules/IS/view/student/widget-default.php on line 45
[30-Nov-2017 07:24:23 UTC] PHP Notice:  Trying to get property of non-object in /home/kolt/Work/Amarth/modules/IS/view/student/widget-default.php on line 45
[30-Nov-2017 07:24:23 UTC] PHP Notice:  Undefined variable: general in /home/kolt/Work/Amarth/modules/IS/view/student/widget-default.php on line 49
[30-Nov-2017 07:24:23 UTC] PHP Notice:  Trying to get property of non-object in /home/kolt/Work/Amarth/modules/IS/view/student/widget-default.php on line 49
[30-Nov-2017 07:24:23 UTC] PHP Notice:  Undefined variable: general in /home/kolt/Work/Amarth/modules/IS/view/student/widget-default.php on line 49
[30-Nov-2017 07:24:23 UTC] PHP Notice:  Trying to get property of non-object in /home/kolt/Work/Amarth/modules/IS/view/student/widget-default.php on line 49
[30-Nov-2017 07:24:23 UTC] PHP Notice:  Undefined variable: general in /home/kolt/Work/Amarth/modules/IS/view/student/widget-default.php on line 49
[30-Nov-2017 07:24:23 UTC] PHP Notice:  Trying to get property of non-object in /home/kolt/Work/Amarth/modules/IS/view/student/widget-default.php on line 49
[30-Nov-2017 07:24:23 UTC] PHP Notice:  Undefined variable: general in /home/kolt/Work/Amarth/modules/IS/view/student/widget-default.php on line 53
[30-Nov-2017 07:24:23 UTC] PHP Notice:  Trying to get property of non-object in /home/kolt/Work/Amarth/modules/IS/view/student/widget-default.php on line 53
[30-Nov-2017 07:24:23 UTC] PHP Notice:  Undefined variable: prom in /home/kolt/Work/Amarth/modules/IS/view/student/widget-default.php on line 56
[30-Nov-2017 07:24:23 UTC] PHP Notice:  Undefined variable: general in /home/kolt/Work/Amarth/modules/IS/view/student/widget-default.php on line 60
[30-Nov-2017 07:24:23 UTC] PHP Notice:  Trying to get property of non-object in /home/kolt/Work/Amarth/modules/IS/view/student/widget-default.php on line 60
[30-Nov-2017 07:24:23 UTC] PHP Notice:  Undefined variable: general in /home/kolt/Work/Amarth/modules/IS/view/student/widget-default.php on line 45
[30-Nov-2017 07:24:23 UTC] PHP Notice:  Trying to get property of non-object in /home/kolt/Work/Amarth/modules/IS/view/student/widget-default.php on line 45
[30-Nov-2017 07:24:23 UTC] PHP Notice:  Undefined variable: general in /home/kolt/Work/Amarth/modules/IS/view/student/widget-default.php on line 49
[30-Nov-2017 07:24:23 UTC] PHP Notice:  Trying to get property of non-object in /home/kolt/Work/Amarth/modules/IS/view/student/widget-default.php on line 49
[30-Nov-2017 07:24:23 UTC] PHP Notice:  Undefined variable: general in /home/kolt/Work/Amarth/modules/IS/view/student/widget-default.php on line 49
[30-Nov-2017 07:24:23 UTC] PHP Notice:  Trying to get property of non-object in /home/kolt/Work/Amarth/modules/IS/view/student/widget-default.php on line 49
[30-Nov-2017 07:24:23 UTC] PHP Notice:  Undefined variable: general in /home/kolt/Work/Amarth/modules/IS/view/student/widget-default.php on line 49
[30-Nov-2017 07:24:23 UTC] PHP Notice:  Trying to get property of non-object in /home/kolt/Work/Amarth/modules/IS/view/student/widget-default.php on line 49
[30-Nov-2017 07:24:23 UTC] PHP Notice:  Undefined variable: general in /home/kolt/Work/Amarth/modules/IS/view/student/widget-default.php on line 53
[30-Nov-2017 07:24:23 UTC] PHP Notice:  Trying to get property of non-object in /home/kolt/Work/Amarth/modules/IS/view/student/widget-default.php on line 53
[30-Nov-2017 07:24:23 UTC] PHP Notice:  Undefined variable: prom in /home/kolt/Work/Amarth/modules/IS/view/student/widget-default.php on line 56
[30-Nov-2017 07:24:23 UTC] PHP Notice:  Undefined variable: general in /home/kolt/Work/Amarth/modules/IS/view/student/widget-default.php on line 60
[30-Nov-2017 07:24:23 UTC] PHP Notice:  Trying to get property of non-object in /home/kolt/Work/Amarth/modules/IS/view/student/widget-default.php on line 60
[30-Nov-2017 13:56:16 UTC] PHP Parse error:  syntax error, unexpected '}', expecting ',' or ';' in /home/kolt/Work/Amarth/modules/IS/view/student/widget-default.php on line 35
[30-Nov-2017 13:56:17 UTC] PHP Parse error:  syntax error, unexpected '}', expecting ',' or ';' in /home/kolt/Work/Amarth/modules/IS/view/student/widget-default.php on line 35
[30-Nov-2017 13:57:35 UTC] 1
[30-Nov-2017 14:00:40 UTC] 1
[30-Nov-2017 14:01:38 UTC] 
[30-Nov-2017 14:01:55 UTC] test
[30-Nov-2017 14:01:55 UTC] test
[30-Nov-2017 14:02:36 UTC] test
[30-Nov-2017 14:02:37 UTC] test
[30-Nov-2017 14:04:26 UTC] test
